# JRE version: Java(TM) SE Runtime Environment (8.0_251-b08) (build 1.8.0_251-b08)
# Java VM: Java HotSpot(TM) 64-Bit Server VM (25.251-b08 mixed mode windows-amd64 compressed oops)
Heap:
 PSYoungGen      total 38400K, used 15184K [0x00000000d5d80000, 0x00000000d8800000, 0x0000000100000000)
  eden space 33280K, 34% used [0x00000000d5d80000,0x00000000d68a4cf8,0x00000000d7e00000)
  from space 5120K, 73% used [0x00000000d8300000,0x00000000d86af668,0x00000000d8800000)
  to   space 5120K, 0% used [0x00000000d7e00000,0x00000000d7e00000,0x00000000d8300000)
 ParOldGen       total 54272K, used 6783K [0x0000000081800000, 0x0000000084d00000, 0x00000000d5d80000)
  object space 54272K, 12% used [0x0000000081800000,0x0000000081e9fe68,0x0000000084d00000)
 Metaspace       used 23324K, capacity 24622K, committed 24832K, reserved 1071104K
  class space    used 2988K, capacity 3265K, committed 3328K, reserved 1048576K
GC Heap History (10 events):
Event: 4.506 GC heap before
{Heap before GC invocations=3 (full 0):
 PSYoungGen      total 38400K, used 38395K [0x00000000d5d80000, 0x00000000d8800000, 0x0000000100000000)
  eden space 33280K, 100% used [0x00000000d5d80000,0x00000000d7e00000,0x00000000d7e00000)
  from space 5120K, 99% used [0x00000000d8300000,0x00000000d87fee70,0x00000000d8800000)
  to   space 5120K, 0% used [0x00000000d7e00000,0x00000000d7e00000,0x00000000d8300000)
 ParOldGen       total 87552K, used 1816K [0x0000000081800000, 0x0000000086d80000, 0x00000000d5d80000)
  object space 87552K, 2% used [0x0000000081800000,0x00000000819c60a8,0x0000000086d80000)
 Metaspace       used 19074K, capacity 19952K, committed 20096K, reserved 1067008K
  class space    used 2413K, capacity 2596K, committed 2688K, reserved 1048576K
Event: 4.523 GC heap after
Heap after GC invocations=3 (full 0):
 PSYoungGen      total 38400K, used 5100K [0x00000000d5d80000, 0x00000000d8800000, 0x0000000100000000)
  eden space 33280K, 0% used [0x00000000d5d80000,0x00000000d5d80000,0x00000000d7e00000)
  from space 5120K, 99% used [0x00000000d7e00000,0x00000000d82fb228,0x00000000d8300000)
  to   space 5120K, 0% used [0x00000000d8300000,0x00000000d8300000,0x00000000d8800000)
 ParOldGen       total 87552K, used 4985K [0x0000000081800000, 0x0000000086d80000, 0x00000000d5d80000)
  object space 87552K, 5% used [0x0000000081800000,0x0000000081cde4e8,0x0000000086d80000)
 Metaspace       used 19074K, capacity 19952K, committed 20096K, reserved 1067008K
  class space    used 2413K, capacity 2596K, committed 2688K, reserved 1048576K
}
Event: 4.596 GC heap before
{Heap before GC invocations=4 (full 0):
 PSYoungGen      total 38400K, used 38365K [0x00000000d5d80000, 0x00000000d8800000, 0x0000000100000000)
  eden space 33280K, 99% used [0x00000000d5d80000,0x00000000d7dfc3f0,0x00000000d7e00000)
  from space 5120K, 99% used [0x00000000d7e00000,0x00000000d82fb228,0x00000000d8300000)
  to   space 5120K, 0% used [0x00000000d8300000,0x00000000d8300000,0x00000000d8800000)
 ParOldGen       total 87552K, used 4985K [0x0000000081800000, 0x0000000086d80000, 0x00000000d5d80000)
  object space 87552K, 5% used [0x0000000081800000,0x0000000081cde4e8,0x0000000086d80000)
 Metaspace       used 19228K, capacity 20144K, committed 20352K, reserved 1067008K
  class space    used 2435K, capacity 2660K, committed 2688K, reserved 1048576K
Event: 4.611 GC heap after
Heap after GC invocations=4 (full 0):
 PSYoungGen      total 38400K, used 4861K [0x00000000d5d80000, 0x00000000d8800000, 0x0000000100000000)
  eden space 33280K, 0% used [0x00000000d5d80000,0x00000000d5d80000,0x00000000d7e00000)
  from space 5120K, 94% used [0x00000000d8300000,0x00000000d87bf500,0x00000000d8800000)
  to   space 5120K, 0% used [0x00000000d7e00000,0x00000000d7e00000,0x00000000d8300000)
 ParOldGen       total 87552K, used 4993K [0x0000000081800000, 0x0000000086d80000, 0x00000000d5d80000)
  object space 87552K, 5% used [0x0000000081800000,0x0000000081ce04e8,0x0000000086d80000)
 Metaspace       used 19228K, capacity 20144K, committed 20352K, reserved 1067008K
  class space    used 2435K, capacity 2660K, committed 2688K, reserved 1048576K
}
Event: 5.223 GC heap before
{Heap before GC invocations=5 (full 0):
 PSYoungGen      total 38400K, used 26939K [0x00000000d5d80000, 0x00000000d8800000, 0x0000000100000000)
  eden space 33280K, 66% used [0x00000000d5d80000,0x00000000d730f990,0x00000000d7e00000)
  from space 5120K, 94% used [0x00000000d8300000,0x00000000d87bf500,0x00000000d8800000)
  to   space 5120K, 0% used [0x00000000d7e00000,0x00000000d7e00000,0x00000000d8300000)
 ParOldGen       total 87552K, used 4993K [0x0000000081800000, 0x0000000086d80000, 0x00000000d5d80000)
  object space 87552K, 5% used [0x0000000081800000,0x0000000081ce04e8,0x0000000086d80000)
 Metaspace       used 20306K, capacity 21206K, committed 21248K, reserved 1067008K
  class space    used 2551K, capacity 2787K, committed 2816K, reserved 1048576K
Event: 5.244 GC heap after
Heap after GC invocations=5 (full 0):
 PSYoungGen      total 38400K, used 5093K [0x00000000d5d80000, 0x00000000d8800000, 0x0000000100000000)
  eden space 33280K, 0% used [0x00000000d5d80000,0x00000000d5d80000,0x00000000d7e00000)
  from space 5120K, 99% used [0x00000000d7e00000,0x00000000d82f9590,0x00000000d8300000)
  to   space 5120K, 0% used [0x00000000d8300000,0x00000000d8300000,0x00000000d8800000)
 ParOldGen       total 87552K, used 6753K [0x0000000081800000, 0x0000000086d80000, 0x00000000d5d80000)
  object space 87552K, 7% used [0x0000000081800000,0x0000000081e98458,0x0000000086d80000)
 Metaspace       used 20306K, capacity 21206K, committed 21248K, reserved 1067008K
  class space    used 2551K, capacity 2787K, committed 2816K, reserved 1048576K
}
Event: 5.244 GC heap before
{Heap before GC invocations=6 (full 1):
 PSYoungGen      total 38400K, used 5093K [0x00000000d5d80000, 0x00000000d8800000, 0x0000000100000000)
  eden space 33280K, 0% used [0x00000000d5d80000,0x00000000d5d80000,0x00000000d7e00000)
  from space 5120K, 99% used [0x00000000d7e00000,0x00000000d82f9590,0x00000000d8300000)
  to   space 5120K, 0% used [0x00000000d8300000,0x00000000d8300000,0x00000000d8800000)
 ParOldGen       total 87552K, used 6753K [0x0000000081800000, 0x0000000086d80000, 0x00000000d5d80000)
  object space 87552K, 7% used [0x0000000081800000,0x0000000081e98458,0x0000000086d80000)
 Metaspace       used 20306K, capacity 21206K, committed 21248K, reserved 1067008K
  class space    used 2551K, capacity 2787K, committed 2816K, reserved 1048576K
Event: 5.347 GC heap after
Heap after GC invocations=6 (full 1):
 PSYoungGen      total 38400K, used 0K [0x00000000d5d80000, 0x00000000d8800000, 0x0000000100000000)
  eden space 33280K, 0% used [0x00000000d5d80000,0x00000000d5d80000,0x00000000d7e00000)
  from space 5120K, 0% used [0x00000000d7e00000,0x00000000d7e00000,0x00000000d8300000)
  to   space 5120K, 0% used [0x00000000d8300000,0x00000000d8300000,0x00000000d8800000)
 ParOldGen       total 54272K, used 6783K [0x0000000081800000, 0x0000000084d00000, 0x00000000d5d80000)
  object space 54272K, 12% used [0x0000000081800000,0x0000000081e9fe68,0x0000000084d00000)
 Metaspace       used 20306K, capacity 21206K, committed 21248K, reserved 1067008K
  class space    used 2551K, capacity 2787K, committed 2816K, reserved 1048576K
}
Event: 6.722 GC heap before
{Heap before GC invocations=7 (full 1):
 PSYoungGen      total 38400K, used 33280K [0x00000000d5d80000, 0x00000000d8800000, 0x0000000100000000)
  eden space 33280K, 100% used [0x00000000d5d80000,0x00000000d7e00000,0x00000000d7e00000)
  from space 5120K, 0% used [0x00000000d7e00000,0x00000000d7e00000,0x00000000d8300000)
  to   space 5120K, 0% used [0x00000000d8300000,0x00000000d8300000,0x00000000d8800000)
 ParOldGen       total 54272K, used 6783K [0x0000000081800000, 0x0000000084d00000, 0x00000000d5d80000)
  object space 54272K, 12% used [0x0000000081800000,0x0000000081e9fe68,0x0000000084d00000)
 Metaspace       used 22429K, capacity 23658K, committed 23936K, reserved 1071104K
  class space    used 2841K, capacity 3101K, committed 3200K, reserved 1048576K
Event: 6.735 GC heap after
Heap after GC invocations=7 (full 1):
 PSYoungGen      total 38400K, used 3773K [0x00000000d5d80000, 0x00000000d8800000, 0x0000000100000000)
  eden space 33280K, 0% used [0x00000000d5d80000,0x00000000d5d80000,0x00000000d7e00000)
  from space 5120K, 73% used [0x00000000d8300000,0x00000000d86af668,0x00000000d8800000)
  to   space 5120K, 0% used [0x00000000d7e00000,0x00000000d7e00000,0x00000000d8300000)
 ParOldGen       total 54272K, used 6783K [0x0000000081800000, 0x0000000084d00000, 0x00000000d5d80000)
  object space 54272K, 12% used [0x0000000081800000,0x0000000081e9fe68,0x0000000084d00000)
 Metaspace       used 22429K, capacity 23658K, committed 23936K, reserved 1071104K
  class space    used 2841K, capacity 3101K, committed 3200K, reserved 1048576K
}

