# JRE version: Java(TM) SE Runtime Environment (8.0_251-b08) (build 1.8.0_251-b08)
# Java VM: Java HotSpot(TM) 64-Bit Server VM (25.251-b08 mixed mode windows-amd64 compressed oops)
Heap:
 PSYoungGen      total 38400K, used 24968K [0x00000000d5d80000, 0x00000000d8800000, 0x0000000100000000)
  eden space 33280K, 65% used [0x00000000d5d80000,0x00000000d72edd20,0x00000000d7e00000)
  from space 5120K, 59% used [0x00000000d7e00000,0x00000000d80f45c8,0x00000000d8300000)
  to   space 5120K, 0% used [0x00000000d8300000,0x00000000d8300000,0x00000000d8800000)
 ParOldGen       total 53760K, used 4689K [0x0000000081800000, 0x0000000084c80000, 0x00000000d5d80000)
  object space 53760K, 8% used [0x0000000081800000,0x0000000081c94658,0x0000000084c80000)
 Metaspace       used 21300K, capacity 22323K, committed 22528K, reserved 1069056K
  class space    used 2673K, capacity 2920K, committed 3072K, reserved 1048576K
GC Heap History (10 events):
Event: 5.358 GC heap before
{Heap before GC invocations=6 (full 2):
 PSYoungGen      total 38400K, used 2966K [0x00000000d5d80000, 0x00000000d8800000, 0x0000000100000000)
  eden space 33280K, 0% used [0x00000000d5d80000,0x00000000d5d80000,0x00000000d7e00000)
  from space 5120K, 57% used [0x00000000d8300000,0x00000000d85e5ba8,0x00000000d8800000)
  to   space 5120K, 0% used [0x00000000d7e00000,0x00000000d7e00000,0x00000000d8300000)
 ParOldGen       total 53760K, used 3489K [0x0000000081800000, 0x0000000084c80000, 0x00000000d5d80000)
  object space 53760K, 6% used [0x0000000081800000,0x0000000081b686d0,0x0000000084c80000)
 Metaspace       used 17498K, capacity 18239K, committed 18304K, reserved 1064960K
  class space    used 2201K, capacity 2382K, committed 2432K, reserved 1048576K
Event: 5.399 GC heap after
Heap after GC invocations=6 (full 2):
 PSYoungGen      total 38400K, used 0K [0x00000000d5d80000, 0x00000000d8800000, 0x0000000100000000)
  eden space 33280K, 0% used [0x00000000d5d80000,0x00000000d5d80000,0x00000000d7e00000)
  from space 5120K, 0% used [0x00000000d8300000,0x00000000d8300000,0x00000000d8800000)
  to   space 5120K, 0% used [0x00000000d7e00000,0x00000000d7e00000,0x00000000d8300000)
 ParOldGen       total 53760K, used 5512K [0x0000000081800000, 0x0000000084c80000, 0x00000000d5d80000)
  object space 53760K, 10% used [0x0000000081800000,0x0000000081d62140,0x0000000084c80000)
 Metaspace       used 17498K, capacity 18239K, committed 18304K, reserved 1064960K
  class space    used 2201K, capacity 2382K, committed 2432K, reserved 1048576K
}
Event: 5.399 GC heap before
{Heap before GC invocations=7 (full 2):
 PSYoungGen      total 38400K, used 0K [0x00000000d5d80000, 0x00000000d8800000, 0x0000000100000000)
  eden space 33280K, 0% used [0x00000000d5d80000,0x00000000d5d80000,0x00000000d7e00000)
  from space 5120K, 0% used [0x00000000d8300000,0x00000000d8300000,0x00000000d8800000)
  to   space 5120K, 0% used [0x00000000d7e00000,0x00000000d7e00000,0x00000000d8300000)
 ParOldGen       total 53760K, used 5512K [0x0000000081800000, 0x0000000084c80000, 0x00000000d5d80000)
  object space 53760K, 10% used [0x0000000081800000,0x0000000081d62140,0x0000000084c80000)
 Metaspace       used 17498K, capacity 18239K, committed 18304K, reserved 1064960K
  class space    used 2201K, capacity 2382K, committed 2432K, reserved 1048576K
Event: 5.401 GC heap after
Heap after GC invocations=7 (full 2):
 PSYoungGen      total 38400K, used 0K [0x00000000d5d80000, 0x00000000d8800000, 0x0000000100000000)
  eden space 33280K, 0% used [0x00000000d5d80000,0x00000000d5d80000,0x00000000d7e00000)
  from space 5120K, 0% used [0x00000000d7e00000,0x00000000d7e00000,0x00000000d8300000)
  to   space 5120K, 0% used [0x00000000d8300000,0x00000000d8300000,0x00000000d8800000)
 ParOldGen       total 53760K, used 5512K [0x0000000081800000, 0x0000000084c80000, 0x00000000d5d80000)
  object space 53760K, 10% used [0x0000000081800000,0x0000000081d62140,0x0000000084c80000)
 Metaspace       used 17498K, capacity 18239K, committed 18304K, reserved 1064960K
  class space    used 2201K, capacity 2382K, committed 2432K, reserved 1048576K
}
Event: 5.401 GC heap before
{Heap before GC invocations=8 (full 3):
 PSYoungGen      total 38400K, used 0K [0x00000000d5d80000, 0x00000000d8800000, 0x0000000100000000)
  eden space 33280K, 0% used [0x00000000d5d80000,0x00000000d5d80000,0x00000000d7e00000)
  from space 5120K, 0% used [0x00000000d7e00000,0x00000000d7e00000,0x00000000d8300000)
  to   space 5120K, 0% used [0x00000000d8300000,0x00000000d8300000,0x00000000d8800000)
 ParOldGen       total 53760K, used 5512K [0x0000000081800000, 0x0000000084c80000, 0x00000000d5d80000)
  object space 53760K, 10% used [0x0000000081800000,0x0000000081d62140,0x0000000084c80000)
 Metaspace       used 17498K, capacity 18239K, committed 18304K, reserved 1064960K
  class space    used 2201K, capacity 2382K, committed 2432K, reserved 1048576K
Event: 5.514 GC heap after
Heap after GC invocations=8 (full 3):
 PSYoungGen      total 38400K, used 0K [0x00000000d5d80000, 0x00000000d8800000, 0x0000000100000000)
  eden space 33280K, 0% used [0x00000000d5d80000,0x00000000d5d80000,0x00000000d7e00000)
  from space 5120K, 0% used [0x00000000d7e00000,0x00000000d7e00000,0x00000000d8300000)
  to   space 5120K, 0% used [0x00000000d8300000,0x00000000d8300000,0x00000000d8800000)
 ParOldGen       total 53760K, used 4673K [0x0000000081800000, 0x0000000084c80000, 0x00000000d5d80000)
  object space 53760K, 8% used [0x0000000081800000,0x0000000081c90658,0x0000000084c80000)
 Metaspace       used 17477K, capacity 18203K, committed 18304K, reserved 1064960K
  class space    used 2193K, capacity 2368K, committed 2432K, reserved 1048576K
}
Event: 6.292 GC heap before
{Heap before GC invocations=9 (full 3):
 PSYoungGen      total 38400K, used 33237K [0x00000000d5d80000, 0x00000000d8800000, 0x0000000100000000)
  eden space 33280K, 99% used [0x00000000d5d80000,0x00000000d7df55d0,0x00000000d7e00000)
  from space 5120K, 0% used [0x00000000d7e00000,0x00000000d7e00000,0x00000000d8300000)
  to   space 5120K, 0% used [0x00000000d8300000,0x00000000d8300000,0x00000000d8800000)
 ParOldGen       total 53760K, used 4673K [0x0000000081800000, 0x0000000084c80000, 0x00000000d5d80000)
  object space 53760K, 8% used [0x0000000081800000,0x0000000081c90658,0x0000000084c80000)
 Metaspace       used 19162K, capacity 20053K, committed 20224K, reserved 1067008K
  class space    used 2427K, capacity 2651K, committed 2816K, reserved 1048576K
Event: 6.305 GC heap after
Heap after GC invocations=9 (full 3):
 PSYoungGen      total 38400K, used 2424K [0x00000000d5d80000, 0x00000000d8800000, 0x0000000100000000)
  eden space 33280K, 0% used [0x00000000d5d80000,0x00000000d5d80000,0x00000000d7e00000)
  from space 5120K, 47% used [0x00000000d8300000,0x00000000d855e0e0,0x00000000d8800000)
  to   space 5120K, 0% used [0x00000000d7e00000,0x00000000d7e00000,0x00000000d8300000)
 ParOldGen       total 53760K, used 4681K [0x0000000081800000, 0x0000000084c80000, 0x00000000d5d80000)
  object space 53760K, 8% used [0x0000000081800000,0x0000000081c92658,0x0000000084c80000)
 Metaspace       used 19162K, capacity 20053K, committed 20224K, reserved 1067008K
  class space    used 2427K, capacity 2651K, committed 2816K, reserved 1048576K
}
Event: 6.904 GC heap before
{Heap before GC invocations=10 (full 3):
 PSYoungGen      total 38400K, used 35704K [0x00000000d5d80000, 0x00000000d8800000, 0x0000000100000000)
  eden space 33280K, 100% used [0x00000000d5d80000,0x00000000d7e00000,0x00000000d7e00000)
  from space 5120K, 47% used [0x00000000d8300000,0x00000000d855e0e0,0x00000000d8800000)
  to   space 5120K, 0% used [0x00000000d7e00000,0x00000000d7e00000,0x00000000d8300000)
 ParOldGen       total 53760K, used 4681K [0x0000000081800000, 0x0000000084c80000, 0x00000000d5d80000)
  object space 53760K, 8% used [0x0000000081800000,0x0000000081c92658,0x0000000084c80000)
 Metaspace       used 20130K, capacity 21111K, committed 21376K, reserved 1069056K
  class space    used 2536K, capacity 2776K, committed 2944K, reserved 1048576K
Event: 6.908 GC heap after
Heap after GC invocations=10 (full 3):
 PSYoungGen      total 38400K, used 3025K [0x00000000d5d80000, 0x00000000d8800000, 0x0000000100000000)
  eden space 33280K, 0% used [0x00000000d5d80000,0x00000000d5d80000,0x00000000d7e00000)
  from space 5120K, 59% used [0x00000000d7e00000,0x00000000d80f45c8,0x00000000d8300000)
  to   space 5120K, 0% used [0x00000000d8300000,0x00000000d8300000,0x00000000d8800000)
 ParOldGen       total 53760K, used 4689K [0x0000000081800000, 0x0000000084c80000, 0x00000000d5d80000)
  object space 53760K, 8% used [0x0000000081800000,0x0000000081c94658,0x0000000084c80000)
 Metaspace       used 20130K, capacity 21111K, committed 21376K, reserved 1069056K
  class space    used 2536K, capacity 2776K, committed 2944K, reserved 1048576K
}

